Log started at 20.04.2022	18:55:35
Number of used processors (NPROC): 8.
Number of mesh partitions (NPART): 8.
Total Physical Memory = 31.94 Gb, Available Physical Memory = 23.23 Gb
Computer name:	HUNTERDESKTOP
Operating system:	Windows 10 (or higher) (Version 10.0.19044)

SOLIDWORKS 2021 SP4.1
Flow Simulation 2021  x64 / 5310 / MESHER ver.  

Project: \\Omv\hsrm\SS22\Cloud Chamber\1\1.xmlconfig
Configuration name: Default
Project name: Projekt(1)
Problem type: external-type
NGK: OFF
MBO: OFF
-----------------------------------------------------------------------
Mesher option run = eRunMesherNormal
-----------------------------------------------------------------------

Mesh generation started:	20.4.2022	18:55:35
Mesher adjust APD = OFF; AdjustAPD_method=0; N_per_Channel = 0; N2_per_Channel = 0
Current CPU = 1 sec
-----------------------------------------------------------------------
Geometries initialization:
-----------------------------------------------------------------------
Loading mesh settings (global/local)...
-----------------------------------------------------------------------
Number of geometries from DB: 5
Geometry(0):
	Guid = {00000000-0000-0000-0000-000000000000}
	Fluid..
	2 Bodies.
	2 Real bodies.
	-- Bodyset 0 --
		Tolerance=0.000161691.
		2099 Face(s).
			2099 of b-spline type.
		1987 Face(s) that have no ref faces
		1763 Plane surface(s).
		328 Cylinder surface(s).
		8 Torus surface(s).
		22604 Triangle(s).
		Getting triangle connectivities from DB: 0.002 s
		5796 Edge(s).
			5796 of b-spline type.
		BodyGeom reading: 0.137 s.
		1987 Reference Face(s).
		22096 Reference Triangles.
		Getting triangle connectivities from DB (Ref): 0.002 s
		BodyGeom Ref reading: 0.004 s.
		Getting triangle connectivities from DB (Extra Triangulation): 0.002 s
Geometry(1):
	Guid = {cda9db7f-d8b3-4f87-b249-2790f5307f09}
	Solid.1060 Legierung.
	1 Body.
	2 Real bodies.
	-- Bodyset 1 --
		Tolerance=0.000161691.
		2036 Face(s).
			2036 of b-spline type.
		0 Face(s) that have no ref faces
		1716 Plane surface(s).
		320 Cylinder surface(s).
		16566 Triangle(s).
		Getting triangle connectivities from DB: 0.001 s
		5704 Edge(s).
			5704 of b-spline type.
		BodyGeom reading: 0.052 s.
		1935 Reference Face(s).
		17036 Reference Triangles.
		Getting triangle connectivities from DB (Ref): 0.002 s
		BodyGeom Ref reading: 0.004 s.
		Getting triangle connectivities from DB (Extra Triangulation): 0.002 s
Geometry(2):
	Guid = {12fc2bd7-fcc9-4fef-85bd-6455a75f8294}
	Solid.PMMA.
	1 Body.
	1 Real body.
	-- Bodyset 2 --
		Tolerance=0.000161691.
		28 Face(s).
			28 of b-spline type.
		0 Face(s) that have no ref faces
		28 Plane surface(s).
		64 Triangle(s).
		Getting triangle connectivities from DB: 0.000 s
		60 Edge(s).
			60 of b-spline type.
		BodyGeom reading: 0.001 s.
		30 Reference Face(s).
		68 Reference Triangles.
		Getting triangle connectivities from DB (Ref): 0.000 s
		BodyGeom Ref reading: 0.000 s.
		Getting triangle connectivities from DB (Extra Triangulation): 0.000 s
Geometry(3):
	Guid = {ac1191b7-5103-4a48-a48e-ae4c0c1695d5}
	Solid.Messing.
	1 Body.
	1 Real body.
	-- Bodyset 3 --
		Tolerance=0.000161691.
		38 Face(s).
			38 of b-spline type.
		0 Face(s) that have no ref faces
		22 Plane surface(s).
		8 Cylinder surface(s).
		8 Torus surface(s).
		6228 Triangle(s).
		Getting triangle connectivities from DB: 0.001 s
		76 Edge(s).
			76 of b-spline type.
		BodyGeom reading: 0.005 s.
		32 Reference Face(s).
		6216 Reference Triangles.
		Getting triangle connectivities from DB (Ref): 0.001 s
		BodyGeom Ref reading: 0.001 s.
		Getting triangle connectivities from DB (Extra Triangulation): 0.001 s
Geometry(4):
	Guid = {81514896-2be4-4b0d-8986-6809c3d58f7a}
	Solid.Sperrholz (leicht).
	1 Body.
	1 Real body.
	-- Bodyset 4 --
		Tolerance=0.000161691.
		16 Face(s).
			16 of b-spline type.
		0 Face(s) that have no ref faces
		16 Plane surface(s).
		44 Triangle(s).
		Getting triangle connectivities from DB: 0.000 s
		36 Edge(s).
			36 of b-spline type.
		BodyGeom reading: 0.001 s.
		27 Reference Face(s).
		1020 Reference Triangles.
		Getting triangle connectivities from DB (Ref): 0.000 s
		BodyGeom Ref reading: 0.001 s.
		Getting triangle connectivities from DB (Extra Triangulation): 0.000 s
-----------------------------------------------------------------------
Number of geometries in task: 5
Number of bodysets   in task: 5
-----------------------------------------------------------------------
	Making hash and connectivity for Bodyset ...
		CBodyGeom:
		Hash size: {34, 34, 32}.
		Mesh size: {34, 34, 32}.
		Hashing triangles...Ok.
			axis(0) tr sizes: average=226 max=2048
			axis(1) tr sizes: average=226 max=2050
			axis(2) tr sizes: average=132 max=1145
		Number of t-connected sets:3
			(0) size=16408
			(1) size=12 cavity
			(2) size=6184
		Done.
		CBodyGeomRef:
		Hashing triangles...Ok.
			axis(0) tr sizes: average=219 max=2022
			axis(1) tr sizes: average=219 max=2023
			axis(2) tr sizes: average=127 max=996
		Done.
	0.0298 s.
	Making hash and connectivity for Bodyset ...
		CBodyGeom:
		Hash size: {34, 34, 32}.
		Mesh size: {34, 34, 32}.
		Hashing triangles...Ok.
			axis(0) tr sizes: average=10 max=2550
			axis(1) tr sizes: average=10 max=2550
			axis(2) tr sizes: average=8 max=1670
		Number of t-connected sets:2
			(0) size=12
			(1) size=6216 cavity
		Done.
		CBodyGeomRef:
		Hashing triangles...Ok.
			axis(0) tr sizes: average=37 max=271
			axis(1) tr sizes: average=37 max=271
			axis(2) tr sizes: average=81 max=467
		Done.
	0.0119 s.
	Making hash and connectivity for Bodyset ...
		CBodyGeom:
		Hash size: {34, 34, 32}.
		Mesh size: {34, 34, 32}.
		Hashing triangles...Ok.
			axis(0) tr sizes: average=28 max=3132
			axis(1) tr sizes: average=28 max=3140
			axis(2) tr sizes: average=28 max=1819
		Number of t-connected sets:3
			(0) size=12
			(1) size=16542 cavity
			(2) size=12 cavity
		Done.
		CBodyGeomRef:
		Hashing triangles...Ok.
			axis(0) tr sizes: average=403 max=2198
			axis(1) tr sizes: average=403 max=2204
			axis(2) tr sizes: average=121 max=2047
		Done.
	0.0274 s.
	Making hash and connectivity for Bodyset ...
		CBodyGeom:
		Hash size: {34, 34, 32}.
		Mesh size: {34, 34, 32}.
		Hashing triangles...Ok.
			axis(0) tr sizes: average=2 max=29
			axis(1) tr sizes: average=2 max=30
			axis(2) tr sizes: average=2 max=28
		Number of t-connected sets:2
			(0) size=12
			(1) size=52 cavity
		Done.
		CBodyGeomRef:
		Hashing triangles...Ok.
			axis(0) tr sizes: average=5 max=35
			axis(1) tr sizes: average=5 max=35
			axis(2) tr sizes: average=3 max=32
		Done.
	0.0242 s.
	Making hash and connectivity for Bodyset ...
		CBodyGeom:
		Hash size: {34, 34, 32}.
		Mesh size: {34, 34, 32}.
		Hashing triangles...Ok.
			axis(0) tr sizes: average=2 max=26
			axis(1) tr sizes: average=2 max=25
			axis(2) tr sizes: average=2 max=14
		Number of t-connected sets:2
			(0) size=12
			(1) size=32 cavity
		Done.
		CBodyGeomRef:
		Hashing triangles...Ok.
			axis(0) tr sizes: average=5 max=324
			axis(1) tr sizes: average=5 max=326
			axis(2) tr sizes: average=9 max=125
		Done.
	0.00456 s.
Hash BodySets boxes over base mesh...OK (0.005 s)
Geometries reading and preparing has taken 0.247 s.

Mapped triangles:
Hashing geometries triangles
	Triangles num=22604
	Triangles num=16566
	Triangles num=64
	Triangles box={-3.26539  ,3.26539  ,-3.26539  ,3.26539  ,-3.42543  ,3.14543  }
	Triangles num=44
	Triangles box={-0.46  ,0.46  ,-0.46  ,0.46  ,-0.62  ,0.34  }
	Triangles box={-3.26539  ,3.26539  ,-3.26539  ,3.26539  ,-3.42543  ,3.14543  }
	Triangles num=6228
	Triangles box={-3.26539  ,3.26539  ,-3.26539  ,3.26539  ,-3.42543  ,3.14543  }
	Triangles box={-3.26539  ,3.26539  ,-3.26539  ,3.26539  ,-3.42543  ,3.14543  }
		3d-hash size is 149696 bytes
		3d-hash size is 149160 bytes
		3d-hash size is 180584 bytes
		3d-hash size is 333548 bytes
		3d-hash size is 367852 bytes
Hashing peculiar surfaces triangles
Mapped triangles processed in 0.026 s.
-----------------------------------------------------------------------
Getting sectors:
Number of sectors: 0
-----------------------------------------------------------------------
-----------------------------------------------------------------------

Current CPU = 1 sec
-----------------------------------------------------------------------
Checking faces on CD...
FCD = [0 0 0 0 0 0]
FCD_conflicts = 0
Time (check faces on CD)=0.001 s
-----------------------------------------------------------------------

-----------------------------------------------------------------------
Mesh dimensions:
				I[0 ]=34
				I[1 ]=34
				I[2 ]=32

Comp. domain size:
				a[0  ]=-3.25887
				a[1  ]=3.25887
				a[2  ]=-3.25887
				a[3  ]=3.25887
				a[4  ]=-3.41887
				a[5  ]=3.13887

Fluid calculated			1
Solid calculated			1
-----------------------------------------------------------------------
MESH Build started...
-----------------------------------------------------------------------
Mesh LEVEL = 1
-----------------------------------------------------------------------
-----------------------------------------------------------------------
CPT-mode xeps:
	D / dh / eps [axis=0] = (6.51774, 0.0731316, 7.31316e-05)
	D / dh / eps [axis=1] = (6.51774, 0.0731317, 7.31317e-05)
	D / dh / eps [axis=2] = (6.55774, 0.0783999, 7.83999e-05)
-----------------------------------------------------------------------
Setting regions...OK (0.000 s)
-----------------------------------------------------------------------
Base mesh info:
	3D task
	Nx=34
	Ny=34
	Nz=32
	N(Nx*Ny*Nz) = 1156
	Period    axis=[0, 0, 0]
	Symmetry  ni=[0 0 0 0 0 0]
	ZoomingBC ni=[0 0 0 0 0 0]
	Nx=34
		x[0]=-3.25887
		x[1]=-2.993
		x[2]=-2.73915
		x[3]=-2.49669
		x[4]=-2.26513
		x[5]=-2.04395
		x[6]=-1.83271
		x[7]=-1.63096
		x[8]=-1.43826
		x[9]=-1.25421
		x[10]=-1.07843
		x[11]=-0.910537
		x[12]=-0.750184
		x[13]=-0.597031
		x[14]=-0.450754
		x[15]=-0.300486
		x[16]=-0.150219
		x[17]=4.71928e-05
		x[18]=0.150314
		x[19]=0.300581
		x[20]=0.450847
		x[21]=0.59711
		x[22]=0.750255
		x[23]=0.910601
		x[24]=1.07849
		x[25]=1.25427
		x[26]=1.43831
		x[27]=1.63101
		x[28]=1.83278
		x[29]=2.04403
		x[30]=2.26521
		x[31]=2.49679
		x[32]=2.73927
		x[33]=2.99314
		x[34]=3.25887
	Ny=34
		y[0]=-3.25887
		y[1]=-2.99301
		y[2]=-2.73916
		y[3]=-2.4967
		y[4]=-2.26514
		y[5]=-2.04396
		y[6]=-1.83272
		y[7]=-1.63096
		y[8]=-1.43827
		y[9]=-1.25422
		y[10]=-1.07844
		y[11]=-0.910544
		y[12]=-0.750191
		y[13]=-0.597037
		y[14]=-0.45076
		y[15]=-0.300492
		y[16]=-0.150226
		y[17]=4.08356e-05
		y[18]=0.150308
		y[19]=0.300574
		y[20]=0.450841
		y[21]=0.597104
		y[22]=0.750248
		y[23]=0.910594
		y[24]=1.07848
		y[25]=1.25426
		y[26]=1.43831
		y[27]=1.63101
		y[28]=1.83277
		y[29]=2.04402
		y[30]=2.2652
		y[31]=2.49678
		y[32]=2.73926
		y[33]=2.99313
		y[34]=3.25887
	Nz=32
		z[0]=-3.41887
		z[1]=-3.133
		z[2]=-2.86101
		z[3]=-2.60214
		z[4]=-2.35577
		z[5]=-2.1213
		z[6]=-1.89815
		z[7]=-1.68578
		z[8]=-1.48366
		z[9]=-1.2913
		z[10]=-1.10823
		z[11]=-0.933996
		z[12]=-0.768176
		z[13]=-0.610364
		z[14]=-0.453564
		z[15]=-0.296764
		z[16]=-0.139964
		z[17]=0.0168361
		z[18]=0.173636
		z[19]=0.330436
		z[20]=0.488238
		z[21]=0.65405
		z[22]=0.828276
		z[23]=1.01134
		z[24]=1.2037
		z[25]=1.40582
		z[26]=1.6182
		z[27]=1.84135
		z[28]=2.07583
		z[29]=2.32221
		z[30]=2.58109
		z[31]=2.85311
		z[32]=3.13887
-----------------------------------------------------------------------
Input_mesh_settings--------------------------------
Settings 0----------------
	Scope: GLOBAL
	Type:	------MESHER_SETTINGS----------
	RefAllCells           =0
	RefFluidCells         =0
	RefPartCells          =0
	RefSolidCells         =0
	l_SSFR(Capture crit)  =1
	l_curv(Curvature crit)=0
	l_tol(Tolerance crit) =0
	UseChannelRef         =1
	  NCR_method          =0
	  l_NCR               =1
	  N_gap               =5
	  Use d_NCR_min       =0
	  Use d_NCR_max       =0
	IgnoreThinChannelsHeight         =0
	--END_OF_MESHER_SETTINGS-------
End of input mesh settings-------------------------
NxNyNz = [34, 34, 32]
base_dx=0.196109; 
NxNyNz_reverse = [33, 33, 33]

-----------------------------------------------------------------------
Refining geometries:
-----------------------------------------------------------------------

-----------------------------------------------------------------------
Refining by triangulation...
Refinement input: 36992 bricks
Setting regions...OK (0.000 s)
Refinement result: 37944 bricks (0.046 s)
Refinement input: 37944 bricks
Refinement result: 37944 bricks (0.002 s)
Collecting and processing rays...OK (0.030 s)
Capturing...OK (0.014 s)
Refining by triangulation takes 0.093 s
-----------------------------------------------------------------------

-----------------------------------------------------------------------
Refining peculiar surfaces...
0 surfaces refined
Refining peculiar surfaces takes 0 s
-----------------------------------------------------------------------
Collecting and processing rays...OK (0.001 s)
Capturing...OK (0.000 s)

-----------------------------------------------------------------------
Base mesh 1 Refining...
Collecting and processing rays...OK (0.000 s)
Capturing...OK (0.000 s)
Refinement input: 37944 bricks
Refinement result: 37944 bricks (0.000 s)
-----------------------------------------------------------------------
Refining channels...
FYI: CNarrowChannelRefiner::RefineChannels_PRLL
Refinement input: 37944 bricks
Setting regions...OK (0.000 s)
Refinement result: 38420 bricks (0.002 s)
Collecting and processing rays...OK (0.001 s)
Capturing...OK (0.000 s)
FYI: m_iteration_count = 0
FYI: level1 statistics:
     level1_cnt_plus[1]=544;		level1_cnt_minus[1]=0
     level1_cnt_plus[2]=0;		level1_cnt_minus[2]=0
     level1_cnt_plus[3]=0;		level1_cnt_minus[3]=0
     level1_cnt_plus[4]=0;		level1_cnt_minus[4]=0
     level1_cnt_plus[5]=0;		level1_cnt_minus[5]=0
     level1_cnt_plus[6]=0;		level1_cnt_minus[6]=0
     level1_cnt_plus[7]=0;		level1_cnt_minus[7]=0
     level1_cnt_plus[8]=0;		level1_cnt_minus[8]=0
     level1_cnt_plus[9]=0;		level1_cnt_minus[9]=0
FYI: m_iteration_count = 1
FYI: level1 statistics:
     level1_cnt_plus[1]=544;		level1_cnt_minus[1]=0
     level1_cnt_plus[2]=0;		level1_cnt_minus[2]=0
     level1_cnt_plus[3]=0;		level1_cnt_minus[3]=0
     level1_cnt_plus[4]=0;		level1_cnt_minus[4]=0
     level1_cnt_plus[5]=0;		level1_cnt_minus[5]=0
     level1_cnt_plus[6]=0;		level1_cnt_minus[6]=0
     level1_cnt_plus[7]=0;		level1_cnt_minus[7]=0
     level1_cnt_plus[8]=0;		level1_cnt_minus[8]=0
     level1_cnt_plus[9]=0;		level1_cnt_minus[9]=0
FYI: level1 statistics:
     level1_cnt_plus[1]=544;		level1_cnt_minus[1]=0
     level1_cnt_plus[2]=0;		level1_cnt_minus[2]=0
     level1_cnt_plus[3]=0;		level1_cnt_minus[3]=0
     level1_cnt_plus[4]=0;		level1_cnt_minus[4]=0
     level1_cnt_plus[5]=0;		level1_cnt_minus[5]=0
     level1_cnt_plus[6]=0;		level1_cnt_minus[6]=0
     level1_cnt_plus[7]=0;		level1_cnt_minus[7]=0
     level1_cnt_plus[8]=0;		level1_cnt_minus[8]=0
     level1_cnt_plus[9]=0;		level1_cnt_minus[9]=0

-----------------------------------------------------------------------
U-shapes refinement...
Refinement input: 38420 bricks
Refinement result: 38420 bricks (0.003 s)
Collecting and processing rays...OK (0.000 s)
Capturing...OK (0.000 s)
-----------------------------------------------------------------------

-----------------------------------------------------------------------
Equi Distant Refiner:
Equi Distant Refiner takes 0.00 s
-----------------------------------------------------------------------

/-Ray Intersection---------------/ Time	0.028 s
Calls			20195
CorrectRay Calls	0



-----------------------------------------------------------------------
Refining geometries takes 0.284 s
-----------------------------------------------------------------------
Defect ray count	0
FYI: CNarrowChannelRefiner::RedistributeLevel1_step_1: is finished
FYI: level1 statistics:
     level1_cnt_plus[1]=544;		level1_cnt_minus[1]=0
     level1_cnt_plus[2]=0;		level1_cnt_minus[2]=0
     level1_cnt_plus[3]=0;		level1_cnt_minus[3]=0
     level1_cnt_plus[4]=0;		level1_cnt_minus[4]=0
     level1_cnt_plus[5]=0;		level1_cnt_minus[5]=0
     level1_cnt_plus[6]=0;		level1_cnt_minus[6]=0
     level1_cnt_plus[7]=0;		level1_cnt_minus[7]=0
     level1_cnt_plus[8]=0;		level1_cnt_minus[8]=0
     level1_cnt_plus[9]=0;		level1_cnt_minus[9]=0
FYI: CNarrowChannelRefiner::RedistributeLevel1_step_2: is started
FYI: CNarrowChannelRefiner::RedistributeLevel1_step_2: is finished
FYI: level1 statistics:
     level1_cnt_plus[1]=864;		level1_cnt_minus[1]=0
     level1_cnt_plus[2]=0;		level1_cnt_minus[2]=0
     level1_cnt_plus[3]=0;		level1_cnt_minus[3]=0
     level1_cnt_plus[4]=0;		level1_cnt_minus[4]=0
     level1_cnt_plus[5]=0;		level1_cnt_minus[5]=0
     level1_cnt_plus[6]=0;		level1_cnt_minus[6]=0
     level1_cnt_plus[7]=0;		level1_cnt_minus[7]=0
     level1_cnt_plus[8]=0;		level1_cnt_minus[8]=0
     level1_cnt_plus[9]=0;		level1_cnt_minus[9]=0
FYI: CNarrowChannelRefiner::RedistributeLevel1_step_3: is started
FYI: CNarrowChannelRefiner::RedistributeLevel1_step_3: is finished
RedistributeLevel1 takes:
FYI: level1 statistics:
     level1_cnt_plus[1]=864;		level1_cnt_minus[1]=768
     level1_cnt_plus[2]=0;		level1_cnt_minus[2]=0
     level1_cnt_plus[3]=0;		level1_cnt_minus[3]=0
     level1_cnt_plus[4]=0;		level1_cnt_minus[4]=0
     level1_cnt_plus[5]=0;		level1_cnt_minus[5]=0
     level1_cnt_plus[6]=0;		level1_cnt_minus[6]=0
     level1_cnt_plus[7]=0;		level1_cnt_minus[7]=0
     level1_cnt_plus[8]=0;		level1_cnt_minus[8]=0
     level1_cnt_plus[9]=0;		level1_cnt_minus[9]=0
-----------------------------------------------------------------------
MSH format builder (Iteration 0)
-----------------------------------------------------------------------
Memory Working Set Current = 109.37 Mb, Memory Working Set Peak = 115.21 Mb
Process Threads Number: 14
-----------------------------------------------------------------------
Total bricks count: 38420
-----------------------------------------------------------------------
MSH (Real Geometry) format constructor:
	Geom    Count = 5
	Bodyset Count = 5
	3D task
	Getting brick sets...OK (0.001 s)

	Min x-stack xeps = 0.0015
	D / dh / eps [axis=0] = (6.51774, 0.0731316, 7.31316e-05)
	D / dh / eps [axis=1] = (6.51774, 0.0731317, 7.31317e-05)
	D / dh / eps [axis=2] = (6.55774, 0.0783999, 7.83999e-05)
	Time (xeps): 0.000 s
Level 1
	Set (0)  size: 816
WARNING! Too many faces in points. File:p:\ngp\source.core\brickparser_lib\ca_c_geom_info.cpp(320)
WARNING! Too many faces in points. File:p:\ngp\source.core\brickparser_lib\ca_c_geom_info.cpp(320)
WARNING! Too many faces in points. File:p:\ngp\source.core\brickparser_lib\ca_c_geom_info.cpp(320)
WARNING! Too many faces in points. File:p:\ngp\source.core\brickparser_lib\ca_c_geom_info.cpp(320)
WARNING! Too many faces in points. File:p:\ngp\source.core\brickparser_lib\ca_c_geom_info.cpp(320)
WARNING! Too many faces in points. File:p:\ngp\source.core\brickparser_lib\ca_c_geom_info.cpp(320)
WARNING! Too many faces in points. File:p:\ngp\source.core\brickparser_lib\ca_c_geom_info.cpp(320)
WARNING! Too many faces in points. File:p:\ngp\source.core\brickparser_lib\ca_c_geom_info.cpp(320)
	Set (0)  time: 8.062 s
	Set (1)  size: 816
WARNING! Too many faces in points. File:p:\ngp\source.core\brickparser_lib\ca_c_geom_info.cpp(320)
WARNING! Too many faces in points. File:p:\ngp\source.core\brickparser_lib\ca_c_geom_info.cpp(320)
WARNING! Too many faces in points. File:p:\ngp\source.core\brickparser_lib\ca_c_geom_info.cpp(320)
WARNING! Too many faces in points. File:p:\ngp\source.core\brickparser_lib\ca_c_geom_info.cpp(320)
WARNING! Too many faces in points. File:p:\ngp\source.core\brickparser_lib\ca_c_geom_info.cpp(320)
WARNING! Too many faces in points. File:p:\ngp\source.core\brickparser_lib\ca_c_geom_info.cpp(320)
WARNING! Too many faces in points. File:p:\ngp\source.core\brickparser_lib\ca_c_geom_info.cpp(320)
WARNING! Too many faces in points. File:p:\ngp\source.core\brickparser_lib\ca_c_geom_info.cpp(320)
WARNING! Too many faces in points. File:p:\ngp\source.core\brickparser_lib\ca_c_geom_info.cpp(320)
WARNING! Too many faces in points. File:p:\ngp\source.core\brickparser_lib\ca_c_geom_info.cpp(320)
... Skipping verbiage ... Total 58 lines
	Set (1)  time: 3.213 s
Level 0
	Set (0)  size: 18394
	Set (0)  time: 0.014 s
	Set (1)  size: 18394
	Set (1)  time: 0.014 s
Result:
	Bricks number:                        38420

	Memory usage:                         2.029 MB
	Memory usage (per brick):             0.054 KB
	Construction time:                    11.306 s

	Topology features:
	------------------
	- High quality bricks                   99.84 % (38357)
	- Medium quality bricks                  0.16 % (63)
	- Bad quality bricks                     0.00 % (0)
	- Type-1 bricks                          1.57 % (604)
	- Ribs corrected bricks                  0.00 % (0)
	- Points with geom-info (bricks)         0.18 % (69)
	- Points with closest-info (bricks)      0.23 % (88)
	- Triangulated by center (bricks)        0.18 % (69)
	- Facet w-faces mergings (bricks)        0.00 % (0)
	- To refine (bricks)                     0.00 % (0)
	- Points-count                           0.00 % (0)
	- T-self-intersection-all (bricks)       0.00 % (0)
	- T-self-intersection-simple (bricks)    0.00 % (0)
	- T-self-intersection-complex (bricks)   0.00 % (0)

-----------------------------------------------------------------------
Memory Working Set Current = 203.97 Mb, Memory Working Set Peak = 203.97 Mb
Process Threads Number: 14
-----------------------------------------------------------------------
-----------------------------------------------------------------------
msh-iterations: 1
-----------------------------------------------------------------------
high---q-brick-count =  99.84 % (38420 38357)
medium-q-brick-count =   0.16 % (38420 63)
bad----q-brick-count =   0.00 % (38420 0)
-----------------------------------------------------------------------
Free brick parser storage...OK(0.016 s)
-----------------------------------------------------------------------
Memory Working Set Current = 165.45 Mb, Memory Working Set Peak = 204.48 Mb
Process Threads Number: 14
-----------------------------------------------------------------------
-----------------------------------------------------------------------
MSH --> BCF format (Iteration 0)...
BCF collector...(remove mode=0)
	Time (alloc counter per brick): 0.001 s
	Brick    count: 38420
	Av.f all count: 39432
	Av.s all count: 816
	Av.f pid count: 1616
	Av.s pid count: 816
	Faces fs count: 6685
	Faces ff count: 0
	Faces ss count: 315
	Faces bb count: 0
	Faces fe count: 6664
	Faces se count: 0
	Faces fw count: 13664
	Faces af count: 114336
	Faces as count: 1628
	Time (all count): 	0.003 s
	Time (bcf alloc): 	0.001 s
	Time (shifts alloc): 	0.001 s
	Time (shifts init): 	0.001 s
	Time (bcf fill): 	0.005 s
	Time (add av to faces): 0.000 s
	Time (add faces to av): 0.002 s
Time (bcf collect): 		0.016 s
	AV checker...
	Time (check av): 	0.008 s
	Subdomain checker...
		Subdomains construction time: 0.005 s.
		Subdomains sort time: 0.000 s.
			Subdomain 0 (geom_ind=0): 38336 av
			Subdomain 1 (geom_ind=0): 720 av
			Subdomain 2 (geom_ind=0): 88 av
			Subdomain 3 (geom_ind=0): 24 av
			Subdomain 4 (geom_ind=0): 24 av
			Subdomain 5 (geom_ind=0): 24 av
			Subdomain 6 (geom_ind=0): 24 av
			Subdomain 7 (geom_ind=0): 24 av
			Subdomain 8 (geom_ind=0): 24 av
			Subdomain 9 (geom_ind=0): 24 av
			...
			Subdomain 19 (geom_ind=4): 96 av
		gi: 0, subdomains: 15, real bodies: 2
		Defect subdomains by real bodies count: 13
		gi: 1, subdomains: 3, real bodies: 2
		gi: 2, subdomains: 1, real bodies: 1
		gi: 3, subdomains: 0, real bodies: 1
			WARNING! Number of subdomains less than real bodies count.
		gi: 4, subdomains: 1, real bodies: 1
		Defect subdomains: 13
	Time (check subdoms): 	0.008 s
	Time (free bcf): 	0.003 s
	Time (corr msh): 	0.005 s
	Bricks corrected: 176
Time (bcf iteration total): 	0.041 s
-----------------------------------------------------------------------
MSH --> BCF format (Iteration 1)...
BCF collector...(remove mode=0)
	Time (alloc counter per brick): 0.001 s
	Brick    count: 38420
	Av.f all count: 39056
	Av.s all count: 869
	Av.f pid count: 1240
	Av.s pid count: 869
	Faces fs count: 4308
	Faces ff count: 0
	Faces ss count: 909
	Faces bb count: 0
	Faces fe count: 6664
	Faces se count: 0
	Faces fw count: 11881
	Faces af count: 113796
	Faces as count: 2168
	Time (all count): 	0.003 s
	Time (bcf alloc): 	0.001 s
	Time (shifts alloc): 	0.001 s
	Time (shifts init): 	0.001 s
	Time (bcf fill): 	0.004 s
	Time (add av to faces): 0.000 s
	Time (add faces to av): 0.003 s
Time (bcf collect): 		0.014 s
	AV checker...
	Time (check av): 	0.010 s
	Subdomain checker...
		Subdomains construction time: 0.005 s.
		Subdomains sort time: 0.000 s.
			Subdomain 0 (geom_ind=0): 38336 av
			Subdomain 1 (geom_ind=0): 720 av
			Subdomain 2 (geom_ind=1): 144 av
			Subdomain 3 (geom_ind=1): 128 av
			Subdomain 4 (geom_ind=1): 128 av
			Subdomain 5 (geom_ind=2): 320 av
			Subdomain 6 (geom_ind=4): 149 av
		gi: 0, subdomains: 2, real bodies: 2
		gi: 1, subdomains: 3, real bodies: 2
		gi: 2, subdomains: 1, real bodies: 1
		gi: 3, subdomains: 0, real bodies: 1
			WARNING! Number of subdomains less than real bodies count.
		gi: 4, subdomains: 1, real bodies: 1
		Defect subdomains: 0
	Time (check subdoms): 	0.007 s
Time (bcf iteration total): 	0.031 s
	Time (fw-nb): 		0.002 s
	Fixed mutual fw-nb:     5455 (bb: 0)
	Time (fw-nb mutual): 	0.001 s
	Time (fw-nb sort): 	0.000 s
	Fw-opt BEFORE total:    11881 (fs=4308, ff=0, ss=909)
	Fw-opt AFTER  total:    11473 (fs=4006, ff=0, ss=803, failed fw/br=118/2, big_curv=66, big_poly=4)
	Fw-opt RESULT:          408 (res/(fs+ff+ss) = 7.82 %)
	Time (fw-opt): 		0.001 s
	Time (fw-re-order): 	0.001 s
	Time (fw-nb): 		0.014 s
	Fixed mutual fw-nb:     22870 (bb: 0)
	Time (fw-nb mutual): 	0.002 s
	Time (fw-nb sort): 	0.000 s
	Time (rfd fix): 	0.000 s
	Time (av convexity): 	0.001 s
	Time (av small volume): 0.000 s
	Time (diagonal fw-nb): 	0.014 s
	Fixed mutual fw-nb:     0 (bb: 0)
	Time (fw-nb mutual): 	0.002 s
	Time (fw-nb sort): 	0.001 s
	Fluid subdomains: 2
	Faces fw-nb diff sd:    0
	Time (fw-nb diff sd): 	0.006 s
Time (bcf calc): 		0.047 s
-----------------------------------------------------------------------
Time (bcf total): 		0.120 s
-----------------------------------------------------------------------
-----------------------------------------------------------------------
Mega-cv constructor for fluid...
	 0 av's is treated as thin
Relative size generator (threshold = 0.05)...
	Iteration 1 (small cluster count = 127)
	Iteration 2 (small cluster count = 70)
	Iteration 3 (small cluster count = 14)
	Iteration 4 (small cluster count = 1)
	Iteration 5 (small cluster count = 0)
	 116 mega-cv's generated
	 5 mega-cv's removed
Relative size generator is completed OK (0.002 s)
Apply fa-rules to mega-cv clusters fixes...
	Fa-rule violation fixes:        4 of        4 (total cluster# =      110)
OK (0.000 s)
Convert clusters:
	 111 mega-cv's total
Mega-cv count: 111
Time (mega-cv fill): 	0.000 s
Time (mega-cv total): 	0.012 s
-----------------------------------------------------------------------
-----------------------------------------------------------------------
Mega-cv constructor for solid...
-----------------------------------------------------------------------
-----------------------------------------------------------------------
Fixing zero lambda_v_projections for ss-faces (803)...zero_count=588, recalc_count=588
Time=0.000 s
-----------------------------------------------------------------------

Mixing plane rotation regions: NO.
Sliding mesh rotation regions: NO.
Fluid/fluid faces: NO.
-----------------------------------------------------------------------
Memory Working Set Current = 178.80 Mb, Memory Working Set Peak = 204.48 Mb
Process Threads Number: 14
-----------------------------------------------------------------------
----------------------------------------------------------
BCF --> BCF.GEOMSUBDOM (bridge arrays):
MESH (0):
	Fluid Subdom Constructor: 2 subdom(s).
	Solid Subdom Constructor: 5 subdom(s).
	Net Asm Subdom Constructor: 0 subdom(s).
	GEOMSUBDOM (0): gi=0 fluid av=38336 cv=38205 fa=111900 fb=0 fw=10106 V=2.783762e+02
	Cache data...OK
	GEOMSUBDOM (1): gi=0 fluid av=720 cv=720 fa=1896 fb=0 fw=564 V=1.894295e-01
	Cache data...OK
	GEOMSUBDOM (2): gi=1 solid av=128 cv=128 fa=440 fb=0 fw=2076 V=5.653681e-04
	Cache data...OK
	GEOMSUBDOM (3): gi=1 solid av=128 cv=128 fa=568 fb=0 fw=1104 V=3.755397e-04
	Cache data...OK
	GEOMSUBDOM (4): gi=4 solid av=149 cv=149 fa=280 fb=0 fw=1096 V=4.027064e-03
	Cache data...OK
	GEOMSUBDOM (5): gi=1 solid av=144 cv=144 fa=264 fb=0 fw=404 V=2.543593e-03
	Cache data...OK
	GEOMSUBDOM (6): gi=2 solid av=320 cv=320 fa=616 fb=0 fw=932 V=6.406079e-03
	Cache data...OK
	Setting nb of w-faces...OK (0.003 s).
	Correcting nb of w-faces...
		geomsd (0): removed nb-nfw by brick-long-chain: 98.
		geomsd (0): time=0.001 s
		geomsd (3): removed nb-nfw by brick-long-chain: 10.
		geomsd (3): time=0.000 s
	Time(correct_fw_nb)=0.002 s

MESH (0) checking:
	GEOMSUBDOM (0):fa_s=4143.7356554553443857 fb_s=0.0000000000000000 fw_s=259.2834908764860984 fw_nb=95516
	              :d_const(11260)=2.18079e-15 d_linear(7699)=1.82133e-14
	GEOMSUBDOM (1):fa_s=7.7700682628357320 fb_s=0.0000000000000000 fw_s=2.2287120621359673 fw_nb=4652
	              :d_const(64)=7.71447e-16 d_linear(386)=1.26328e-14
	GEOMSUBDOM (2):fa_s=0.0686434682560731 fb_s=0.0000000000000000 fw_s=0.4871696815424596 fw_nb=29924
	              :d_const(65)=1.32174e-15 d_linear(38)=2.03333e-11
	GEOMSUBDOM (3):fa_s=0.0991370921091401 fb_s=0.0000000000000000 fw_s=0.3044079011004887 fw_nb=6496
	              :d_const(83)=1.94383e-15 d_linear(0)=1.73324e-12
	GEOMSUBDOM (4):fa_s=0.1425574465763771 fb_s=0.0000000000000000 fw_s=0.6553437734769351 fw_nb=5120
	              :d_const(41)=2.92953e-16 d_linear(129)=1.42414e-11
	GEOMSUBDOM (5):fa_s=0.0701723018107053 fb_s=0.0000000000000000 fw_s=1.2924580200246187 fw_nb=2698
	              :d_const(39)=5.50515e-16 d_linear(143)=8.67595e-15
	GEOMSUBDOM (6):fa_s=0.1744192975906014 fb_s=0.0000000000000000 fw_s=3.2385615293502266 fw_nb=6946
	              :d_const(109)=1.56259e-15 d_linear(0)=7.57982e-14
MESH (0) checking: OK.
Time (MDS): 	0.051 s
----------------------------------------------------------
-----------------------------------------------------------------------
Memory Working Set Current = 195.70 Mb, Memory Working Set Peak = 204.48 Mb
Process Threads Number: 14
-----------------------------------------------------------------------

-----------------------------------------------------------------------
BCF CHECKSUM DATA (Mesh 0):

BRICK |Level1| Sum:               1632
FACE_A Area Sum:   G.Fluid        4151.5057237181817982
FACE_A Area Sum:   G.Solid        0.5549296063428970
FACE_W Area Sum:                  261.7094761562814824
FACE_W Nb   Sum:                  104592
FACE_W min curvatures sum:        -56188.11279303
FACE_W max curvatures sum:        64534.38848882
FACE_W ss lambda sum:             -803
AV Max Disbalance(Const) :        2.19997e-15 (cid=14538, t={28, 34, 25}, avid=14559, pid=43)
AV Max Disbalance(Linear):        3.89643e-11 (cid=15747, t={39, 30, 26}, avid=15821, pid=134)
BRICK-AV Volume Disbalance:       0 (cid=0, t={0, 0, 0})
-----------------------------------------------------------------------


-----------------------------------------------------------------------
MESHER TOPOLOGY DATA:

BRICKS: Total                 38420
BRICKS: Max AV number         10
AV:     G.Total               39925
AV:     G.Fluid               39056
AV:     G.Solid               869

AV:     G.Fluid Thin Profile    0.10 % (40)
AV:     G.Solid Thin Profile   62.72 % (545)

AV:     G.Fluid Thin For Mega   0.00 % (0)
AV:     G.Solid Thin For Mega  47.30 % (411)

AV:     G.Fluid Non-Convex      0.99 % (388)
AV:     G.Solid Non-Convex     43.15 % (375)

AV:     G.Fluid Non-Ess-Convex      0.97 % (378)
AV:     G.Solid Non-Ess-Convex     42.92 % (373)

FACE_A: G.Fluid          (af) 113796 (partially opened 2436)
FACE_A: G.Solid          (as) 2168 (partially opened 2168)

FACE_B: G.Total          (b)  0

FACE_W: G.Total                 11473       Brick/Bound
FACE_W: G.Fluid/Solid    (fs_g) 4006        0           
FACE_W: G.Fluid/Fluid    (ff_g) 0           0           
FACE_W: G.Solid/Solid    (ss_g) 803         0           
FACE_W: G.Fluid/External (fe_g) 6664
FACE_W: G.Solid/External (se_g) 0

AV/CV max fa count (on brick side):6
AV/CV max fw count:                6
AV/CV max fb count:                0
AV/CV max fw poly count:           100

MEMORY: Total                   12.477 MB
MEMORY: Per Brick               0.333 KB
-----------------------------------------------------------------------

-----------------------------------------------------------------------
Connectivities information:
	Number of conns: 0
-----------------------------------------------------------------------
	Time (gap size): 	0.006 s
-----------------------------------------------------------------------
Calculating curvature and tolerance criteria...
Curvature: min=0 max=3.14159
Tolerance: min=0 max=0.0784
Calculating curvature and tolerance criteria takes 0.095 s
-----------------------------------------------------------------------
MESH Build(FS) finished. Time=12.129 s
-----------------------------------------------------------------------
Current CPU = 13 sec

Nx=34
Ny=34
Nz=32
Max BRICK Level=1
Mesh Level=1
-----------------CModelBodies2MeshMapper::CollectData started -------------------------------
-----------------CModelBodies2MeshMapper Report -------------------------------
FluidDomains 2 SolidDomains 5 VoidDomains 0 
Domains RefIndexes
Domain 0, Index count 100
Domain 1, Index count 6
Domain 2, Index count 80
Domain 3, Index count 80
Domain 4, Index count 6
Domain 5, Index count 2
Domain 6, Index count 18
----------------- -------------------------------
	ModelBodies
Total resolved Bodies 15 BodySets 5
Unresolved Bodies: 5
	#0 	Name: frame_weldment-1/Trimmen/Verlängern5[1] 	ID: 97a8ab52-f704-47f8-8e8b-c963a52329bc	gi 1	gt 1
	#1 	Name: frame_weldment-1/Trimmen/Verlängern8[1] 	ID: 6f836736-d7e2-4845-8e18-a2f16f1ad84e	gi 1	gt 1
	#2 	Name: frame_weldment-1/Trimmen/Verlängern7[1] 	ID: 20a7ed79-18e4-4acd-bdaa-cf43a991acd3	gi 1	gt 1
	#3 	Name: frame_weldment-1/Trimmen/Verlängern6[1] 	ID: d21103df-38fd-4582-b363-9aaaf091b627	gi 1	gt 1
	#4 	Name: reservoir^Chamber Master-1/Austragung1 	ID: bdc3c21d-ceee-4ffc-ad48-2adc197b6503	gi 3	gt 1
BodySet 0	Material: 1060 Legierung
	Bodies list:
			#0	Name: frame_weldment-1/Trimmen/Verlängern3[2];	ID: 7184664e-3cb3-47eb-b467-e22851448264
			#1	Name: frame_weldment-1/Trimmen/Verlängern2[2];	ID: f8b969d9-f885-4035-b073-f2ca3b263e87
			#2	Name: frame_weldment-1/Trimmen/Verlängern1[2];	ID: 0370387f-5ffc-47af-a9ba-ecc58259386e
			#3	Name: frame_weldment-1/Trimmen/Verlängern4[2];	ID: 888e70d4-6254-4b92-bf9e-f89995863d0e
	Domains list:		 3 
BodySet 1	Material: 1060 Legierung
	Bodies list:
			#0	Name: frame_weldment-1/Trimmen/Verlängern8[2];	ID: 5daf3af0-0447-46f9-a55f-3d3626662590
			#1	Name: frame_weldment-1/Trimmen/Verlängern7[2];	ID: 6215227a-269b-4cba-b60a-dd1776be0088
			#2	Name: frame_weldment-1/Trimmen/Verlängern6[2];	ID: 528e082b-139f-480a-aef8-9725166a4e64
			#3	Name: frame_weldment-1/Trimmen/Verlängern5[2];	ID: f2754529-eec6-419c-a71b-aff180f8cd14
	Domains list:		 2 
BodySet 2	Material: 1060 Legierung
	Bodies list:
			#0	Name: cold_plate-1/Aufsatz-Linear austragen1;	ID: 4278534d-4b0c-4e9f-ba89-2aa503d176ba
	Domains list:		 5 
BodySet 3	Material: Sperrholz (leicht)
	Bodies list:
			#0	Name: insulating plate^Chamber Master-1/Aufsatz-Linear austragen1;	ID: 2d3b3356-4a56-4ae4-84ad-0098bbea347a
	Domains list:		 4 
BodySet 4	Material: PMMA
	Bodies list:
			#0	Name: wall short^Chamber Master-1/Aufsatz-Linear austragen1;	ID: 7df00560-b3db-4679-97c9-c9cac95d3c7a
			#1	Name: wall short^Chamber Master-2/Aufsatz-Linear austragen1;	ID: 4810e9bd-7438-4d0f-a9a7-85ef0e0dbd1b
			#2	Name: wall long^Chamber Master-1/Aufsatz-Linear austragen1;	ID: 155a29a9-193a-4322-9d12-771e529209ff
			#3	Name: wall long^Chamber Master-2/Aufsatz-Linear austragen1;	ID: 35fb8e13-ca26-4cc0-8ab1-ec03aa07ce64
			#4	Name: lid^Chamber Master-1/Aufsatz-Linear austragen1;	ID: 50d9479d-05ee-410c-abc7-612071cdf1b3
	Domains list:		 6 

--------------------------------------------------------------------------
	Positive geometry Bodies
Total resolved Bodies 6 BodySets 6
Unresolved Bodies: 1
	#0 	Name:  	ID: d3c10cf9-24e5-4ade-b71a-1584bbfe5cf4	gi 3	gt 1
BodySet 0
	Bodies list:
			#0	Name: ;	ID: 4d48e51d-2ddb-421a-bf54-b103efbac9b8
	Domains list:		 0 
BodySet 1
	Bodies list:
			#0	Name: ;	ID: 6656a3ae-adcd-4bbd-98cd-ef4682a9889d
	Domains list:		 1 
BodySet 2
	Bodies list:
			#0	Name: ;	ID: 403505a7-390b-4c5d-86a6-9bb528edbb0a
	Domains list:		 5 
BodySet 3
	Bodies list:
			#0	Name: ;	ID: 1086316d-b022-46be-965a-86ecb2f84aaa
	Domains list:		 2 		 3 
BodySet 4
	Bodies list:
			#0	Name: ;	ID: e976ba04-46f2-4e74-b4dc-3e81727f0aff
	Domains list:		 6 
BodySet 5
	Bodies list:
			#0	Name: ;	ID: c6ad0df3-5463-47da-afa4-3e3b35dab4b7
	Domains list:		 4 
Warning: Single body produce multiple domains	BodyName: ;	ID: 1086316d-b022-46be-965a-86ecb2f84aaa	Domans:2	3	

--------------------------------------------------------------------------
	Fluid regions
Total resolved Bodies 2 BodySets 1
BodySet 0	Material: Luft; 
	Bodies list:
			#0	Name: ;	ID: 4d48e51d-2ddb-421a-bf54-b103efbac9b8
			#1	Name: ;	ID: 6656a3ae-adcd-4bbd-98cd-ef4682a9889d
	Domains list:		 0 		 1 

--------------------------------------------------------------------------
-----------------CModelBodies2MeshMapper::CollectData finished successfully-------------------
Saving initial mesh in: \\Omv\hsrm\SS22\Cloud Chamber\1\1.fld .
Storing results...
Estimated CPT size=5.024 MB.
	Time (write bcf): 0.399 s
OK
-----------------------------------------------------------------------
Memory Working Set Current = 196.27 Mb, Memory Working Set Peak = 204.48 Mb
Process Threads Number: 14
-----------------------------------------------------------------------
Cleaning memory...
		Time (free xsl):                    	0.003 s
Free Geometry DB takes 0.000 s
	Time (free bcf): 	0.006 s
		Time (free bcf mesh):               	0.018 s
	Time (free mesher data):              	0.029 s
Copying... OK
Mesh generation normally finished at	20.4.2022	18:55:49
Mesher CPU = 14 sec
Mesher is finished at	20.4.2022	18:55:49
-----------------------------------------------------------------------
Memory Working Set Current = 113.75 Mb, Memory Working Set Peak = 204.48 Mb
Process Threads Number: 14
-----------------------------------------------------------------------
Algebra Pool      : mem_usage = 1.19 Mb, allocated count = 0
Log ended at 20.04.2022	18:55:49
